[2015-11-15 02:02:25 +0000] [34285] [INFO] Starting gunicorn 19.3.0
[2015-11-15 02:02:25 +0000] [34285] [INFO] Listening at: http://127.0.0.1:8081 (34285)
[2015-11-15 02:02:25 +0000] [34285] [INFO] Using worker: tornado
[2015-11-15 02:02:25 +0000] [34290] [INFO] Booting worker with pid: 34290
[2015-11-15 02:02:25 +0000] [34292] [INFO] Booting worker with pid: 34292
[2015-11-15 02:02:25 +0000] [34294] [INFO] Booting worker with pid: 34294
[2015-11-15 02:02:25 +0000] [34298] [INFO] Booting worker with pid: 34298
[2015-11-15 02:02:26 +0000] [34313] [INFO] Booting worker with pid: 34313
[2015-11-15 02:02:26 +0000] [34320] [INFO] Booting worker with pid: 34320
[2015-11-15 02:02:57 +0000] [34285] [INFO] Handling signal: int
[2015-11-15 02:02:57 +0000] [34320] [INFO] Worker exiting (pid: 34320)
[2015-11-15 02:02:57 +0000] [34313] [INFO] Worker exiting (pid: 34313)
[2015-11-15 02:02:57 +0000] [34294] [INFO] Worker exiting (pid: 34294)
[2015-11-15 02:02:57 +0000] [34298] [INFO] Worker exiting (pid: 34298)
[2015-11-15 02:02:57 +0000] [34292] [INFO] Worker exiting (pid: 34292)
[2015-11-15 02:02:57 +0000] [34290] [INFO] Worker exiting (pid: 34290)
[2015-11-15 02:02:58 +0000] [34285] [INFO] Shutting down: Master
[2015-11-15 02:03:55 +0000] [34375] [INFO] Starting gunicorn 19.3.0
[2015-11-15 02:03:55 +0000] [34375] [INFO] Listening at: http://127.0.0.1:8081 (34375)
[2015-11-15 02:03:55 +0000] [34375] [INFO] Using worker: tornado
[2015-11-15 02:03:55 +0000] [34380] [INFO] Booting worker with pid: 34380
[2015-11-15 02:03:55 +0000] [34382] [INFO] Booting worker with pid: 34382
[2015-11-15 02:03:55 +0000] [34386] [INFO] Booting worker with pid: 34386
[2015-11-15 02:03:55 +0000] [34395] [INFO] Booting worker with pid: 34395
[2015-11-15 02:03:55 +0000] [34403] [INFO] Booting worker with pid: 34403
[2015-11-15 02:03:55 +0000] [34405] [INFO] Booting worker with pid: 34405
[2015-11-15 02:03:58 +0000] [34375] [INFO] Handling signal: int
[2015-11-15 02:03:59 +0000] [34380] [INFO] Worker exiting (pid: 34380)
[2015-11-15 02:03:59 +0000] [34382] [INFO] Worker exiting (pid: 34382)
[2015-11-15 02:03:59 +0000] [34395] [INFO] Worker exiting (pid: 34395)
[2015-11-15 02:03:59 +0000] [34386] [INFO] Worker exiting (pid: 34386)
[2015-11-15 02:03:59 +0000] [34405] [INFO] Worker exiting (pid: 34405)
[2015-11-15 02:03:59 +0000] [34403] [INFO] Worker exiting (pid: 34403)
[2015-11-15 02:03:59 +0000] [34375] [INFO] Shutting down: Master
[2015-11-15 02:04:39 +0000] [34466] [INFO] Starting gunicorn 19.3.0
[2015-11-15 02:04:39 +0000] [34466] [INFO] Listening at: http://127.0.0.1:8081 (34466)
[2015-11-15 02:04:39 +0000] [34466] [INFO] Using worker: tornado
[2015-11-15 02:04:39 +0000] [34471] [INFO] Booting worker with pid: 34471
[2015-11-15 02:04:39 +0000] [34473] [INFO] Booting worker with pid: 34473
[2015-11-15 02:04:39 +0000] [34475] [INFO] Booting worker with pid: 34475
[2015-11-15 02:04:40 +0000] [34486] [INFO] Booting worker with pid: 34486
[2015-11-15 02:04:40 +0000] [34488] [INFO] Booting worker with pid: 34488
[2015-11-15 02:04:40 +0000] [34498] [INFO] Booting worker with pid: 34498
[2015-11-15 02:05:03 +0000] [34466] [INFO] Handling signal: int
[2015-11-15 02:05:03 +0000] [34498] [INFO] Worker exiting (pid: 34498)
[2015-11-15 02:05:03 +0000] [34471] [INFO] Worker exiting (pid: 34471)
[2015-11-15 02:05:03 +0000] [34486] [INFO] Worker exiting (pid: 34486)
[2015-11-15 02:05:03 +0000] [34473] [INFO] Worker exiting (pid: 34473)
[2015-11-15 02:05:03 +0000] [34475] [INFO] Worker exiting (pid: 34475)
[2015-11-15 02:05:03 +0000] [34488] [INFO] Worker exiting (pid: 34488)
[2015-11-15 02:05:03 +0000] [34466] [INFO] Shutting down: Master
[2015-11-15 02:07:12 +0000] [34539] [INFO] Starting gunicorn 19.3.0
[2015-11-15 02:07:12 +0000] [34539] [INFO] Listening at: http://127.0.0.1:8081 (34539)
[2015-11-15 02:07:12 +0000] [34539] [INFO] Using worker: tornado
[2015-11-15 02:07:12 +0000] [34544] [INFO] Booting worker with pid: 34544
[2015-11-15 02:07:12 +0000] [34546] [INFO] Booting worker with pid: 34546
[2015-11-15 02:07:12 +0000] [34548] [INFO] Booting worker with pid: 34548
[2015-11-15 02:07:12 +0000] [34559] [INFO] Booting worker with pid: 34559
[2015-11-15 02:07:12 +0000] [34569] [INFO] Booting worker with pid: 34569
[2015-11-15 02:07:12 +0000] [34574] [INFO] Booting worker with pid: 34574
[2015-11-15 02:07:29 +0000] [34539] [INFO] Handling signal: int
[2015-11-15 02:07:29 +0000] [34569] [INFO] Worker exiting (pid: 34569)
[2015-11-15 02:07:29 +0000] [34548] [INFO] Worker exiting (pid: 34548)
[2015-11-15 02:07:29 +0000] [34574] [INFO] Worker exiting (pid: 34574)
[2015-11-15 02:07:29 +0000] [34546] [INFO] Worker exiting (pid: 34546)
[2015-11-15 02:07:29 +0000] [34544] [INFO] Worker exiting (pid: 34544)
[2015-11-15 02:07:29 +0000] [34559] [INFO] Worker exiting (pid: 34559)
[2015-11-15 02:07:30 +0000] [34539] [INFO] Shutting down: Master
[2015-11-15 02:07:52 +0000] [34662] [INFO] Starting gunicorn 19.3.0
[2015-11-15 02:07:52 +0000] [34662] [INFO] Listening at: http://127.0.0.1:8081 (34662)
[2015-11-15 02:07:52 +0000] [34662] [INFO] Using worker: tornado
[2015-11-15 02:07:52 +0000] [34667] [INFO] Booting worker with pid: 34667
[2015-11-15 02:07:52 +0000] [34669] [INFO] Booting worker with pid: 34669
[2015-11-15 02:07:52 +0000] [34674] [INFO] Booting worker with pid: 34674
[2015-11-15 02:07:52 +0000] [34681] [INFO] Booting worker with pid: 34681
[2015-11-15 02:07:52 +0000] [34692] [INFO] Booting worker with pid: 34692
[2015-11-15 02:07:52 +0000] [34699] [INFO] Booting worker with pid: 34699
[2015-11-15 02:08:01 +0000] [34662] [INFO] Handling signal: int
[2015-11-15 02:08:01 +0000] [34681] [INFO] Worker exiting (pid: 34681)
[2015-11-15 02:08:01 +0000] [34667] [INFO] Worker exiting (pid: 34667)
[2015-11-15 02:08:01 +0000] [34699] [INFO] Worker exiting (pid: 34699)
[2015-11-15 02:08:01 +0000] [34669] [INFO] Worker exiting (pid: 34669)
[2015-11-15 02:08:01 +0000] [34674] [INFO] Worker exiting (pid: 34674)
[2015-11-15 02:08:01 +0000] [34692] [INFO] Worker exiting (pid: 34692)
[2015-11-15 02:08:02 +0000] [34662] [INFO] Shutting down: Master
[2015-11-15 02:09:57 +0000] [34772] [INFO] Starting gunicorn 19.3.0
[2015-11-15 02:09:57 +0000] [34772] [INFO] Listening at: http://127.0.0.1:8081 (34772)
[2015-11-15 02:09:57 +0000] [34772] [INFO] Using worker: tornado
[2015-11-15 02:09:57 +0000] [34777] [INFO] Booting worker with pid: 34777
[2015-11-15 02:09:57 +0000] [34779] [INFO] Booting worker with pid: 34779
[2015-11-15 02:09:57 +0000] [34781] [INFO] Booting worker with pid: 34781
[2015-11-15 02:09:58 +0000] [34798] [INFO] Booting worker with pid: 34798
[2015-11-15 02:09:58 +0000] [34806] [INFO] Booting worker with pid: 34806
[2015-11-15 02:09:58 +0000] [34810] [INFO] Booting worker with pid: 34810
[2015-11-15 02:10:02 +0000] [34772] [INFO] Handling signal: int
[2015-11-15 02:10:02 +0000] [34798] [INFO] Worker exiting (pid: 34798)
[2015-11-15 02:10:02 +0000] [34777] [INFO] Worker exiting (pid: 34777)
[2015-11-15 02:10:02 +0000] [34810] [INFO] Worker exiting (pid: 34810)
[2015-11-15 02:10:02 +0000] [34779] [INFO] Worker exiting (pid: 34779)
[2015-11-15 02:10:02 +0000] [34806] [INFO] Worker exiting (pid: 34806)
[2015-11-15 02:10:02 +0000] [34781] [INFO] Worker exiting (pid: 34781)
[2015-11-15 02:10:02 +0000] [34772] [INFO] Shutting down: Master
[2015-11-15 02:13:57 +0000] [34892] [INFO] Starting gunicorn 19.3.0
[2015-11-15 02:13:57 +0000] [34892] [INFO] Listening at: http://127.0.0.1:8081 (34892)
[2015-11-15 02:13:57 +0000] [34892] [INFO] Using worker: tornado
[2015-11-15 02:13:57 +0000] [34897] [INFO] Booting worker with pid: 34897
[2015-11-15 02:13:57 +0000] [34899] [INFO] Booting worker with pid: 34899
[2015-11-15 02:13:57 +0000] [34908] [INFO] Booting worker with pid: 34908
[2015-11-15 02:13:57 +0000] [34913] [INFO] Booting worker with pid: 34913
[2015-11-15 02:13:57 +0000] [34922] [INFO] Booting worker with pid: 34922
[2015-11-15 02:13:57 +0000] [34929] [INFO] Booting worker with pid: 34929
[2015-11-15 02:14:00 +0000] [34892] [INFO] Handling signal: int
[2015-11-15 02:14:01 +0000] [34899] [INFO] Worker exiting (pid: 34899)
[2015-11-15 02:14:01 +0000] [34929] [INFO] Worker exiting (pid: 34929)
[2015-11-15 02:14:01 +0000] [34897] [INFO] Worker exiting (pid: 34897)
[2015-11-15 02:14:01 +0000] [34908] [INFO] Worker exiting (pid: 34908)
[2015-11-15 02:14:01 +0000] [34922] [INFO] Worker exiting (pid: 34922)
[2015-11-15 02:14:01 +0000] [34913] [INFO] Worker exiting (pid: 34913)
[2015-11-15 02:14:01 +0000] [34892] [INFO] Shutting down: Master
[2015-11-15 02:17:51 +0000] [34994] [INFO] Starting gunicorn 19.3.0
[2015-11-15 02:17:51 +0000] [34994] [INFO] Listening at: http://127.0.0.1:8081 (34994)
[2015-11-15 02:17:51 +0000] [34994] [INFO] Using worker: tornado
[2015-11-15 02:17:51 +0000] [34999] [INFO] Booting worker with pid: 34999
[2015-11-15 02:17:51 +0000] [35001] [INFO] Booting worker with pid: 35001
[2015-11-15 02:17:52 +0000] [35010] [INFO] Booting worker with pid: 35010
[2015-11-15 02:17:52 +0000] [35019] [INFO] Booting worker with pid: 35019
[2015-11-15 02:17:52 +0000] [35027] [INFO] Booting worker with pid: 35027
[2015-11-15 02:17:52 +0000] [35031] [INFO] Booting worker with pid: 35031
[2015-11-15 02:17:57 +0000] [34994] [INFO] Handling signal: int
[2015-11-15 02:17:57 +0000] [35027] [INFO] Worker exiting (pid: 35027)
[2015-11-15 02:17:57 +0000] [35010] [INFO] Worker exiting (pid: 35010)
[2015-11-15 02:17:57 +0000] [35031] [INFO] Worker exiting (pid: 35031)
[2015-11-15 02:17:57 +0000] [35001] [INFO] Worker exiting (pid: 35001)
[2015-11-15 02:17:57 +0000] [35019] [INFO] Worker exiting (pid: 35019)
[2015-11-15 02:17:57 +0000] [34999] [INFO] Worker exiting (pid: 34999)
[2015-11-15 02:17:57 +0000] [34994] [INFO] Shutting down: Master
[2015-11-16 00:13:41 +0000] [45844] [INFO] Starting gunicorn 19.3.0
[2015-11-16 00:13:41 +0000] [45844] [INFO] Listening at: http://127.0.0.1:8081 (45844)
[2015-11-16 00:13:41 +0000] [45844] [INFO] Using worker: tornado
[2015-11-16 00:13:41 +0000] [45849] [INFO] Booting worker with pid: 45849
[2015-11-16 00:13:41 +0000] [45850] [INFO] Booting worker with pid: 45850
[2015-11-16 00:13:41 +0000] [45853] [INFO] Booting worker with pid: 45853
[2015-11-16 00:13:41 +0000] [45863] [INFO] Booting worker with pid: 45863
[2015-11-16 00:13:41 +0000] [45873] [INFO] Booting worker with pid: 45873
[2015-11-16 00:13:41 +0000] [45879] [INFO] Booting worker with pid: 45879
[2015-11-16 00:17:18 +0000] [45844] [INFO] Handling signal: int
[2015-11-16 00:17:18 +0000] [45873] [INFO] Worker exiting (pid: 45873)
[2015-11-16 00:17:18 +0000] [45863] [INFO] Worker exiting (pid: 45863)
[2015-11-16 00:17:18 +0000] [45879] [INFO] Worker exiting (pid: 45879)
[2015-11-16 00:17:18 +0000] [45850] [INFO] Worker exiting (pid: 45850)
[2015-11-16 00:17:18 +0000] [45853] [INFO] Worker exiting (pid: 45853)
[2015-11-16 00:17:18 +0000] [45849] [INFO] Worker exiting (pid: 45849)
[2015-11-16 00:17:18 +0000] [45844] [INFO] Shutting down: Master
[2015-11-16 00:17:36 +0000] [45905] [INFO] Starting gunicorn 19.3.0
[2015-11-16 00:17:36 +0000] [45905] [INFO] Listening at: http://127.0.0.1:8081 (45905)
[2015-11-16 00:17:36 +0000] [45905] [INFO] Using worker: tornado
[2015-11-16 00:17:36 +0000] [45910] [INFO] Booting worker with pid: 45910
[2015-11-16 00:17:36 +0000] [45911] [INFO] Booting worker with pid: 45911
[2015-11-16 00:17:36 +0000] [45912] [INFO] Booting worker with pid: 45912
[2015-11-16 00:17:37 +0000] [45927] [INFO] Booting worker with pid: 45927
[2015-11-16 00:17:37 +0000] [45934] [INFO] Booting worker with pid: 45934
[2015-11-16 00:17:37 +0000] [45937] [INFO] Booting worker with pid: 45937
[2015-11-16 00:18:35 +0000] [45905] [INFO] Handling signal: int
[2015-11-16 00:18:35 +0000] [45927] [INFO] Worker exiting (pid: 45927)
[2015-11-16 00:18:35 +0000] [45912] [INFO] Worker exiting (pid: 45912)
[2015-11-16 00:18:35 +0000] [45911] [INFO] Worker exiting (pid: 45911)
[2015-11-16 00:18:35 +0000] [45934] [INFO] Worker exiting (pid: 45934)
[2015-11-16 00:18:35 +0000] [45910] [INFO] Worker exiting (pid: 45910)
[2015-11-16 00:18:35 +0000] [45937] [INFO] Worker exiting (pid: 45937)
[2015-11-16 00:18:36 +0000] [45905] [INFO] Shutting down: Master
[2015-11-16 00:21:12 +0000] [46142] [INFO] Starting gunicorn 19.3.0
[2015-11-16 00:21:12 +0000] [46142] [INFO] Listening at: http://127.0.0.1:8081 (46142)
[2015-11-16 00:21:12 +0000] [46142] [INFO] Using worker: tornado
[2015-11-16 00:21:12 +0000] [46147] [INFO] Booting worker with pid: 46147
[2015-11-16 00:21:13 +0000] [46148] [INFO] Booting worker with pid: 46148
[2015-11-16 00:21:13 +0000] [46156] [INFO] Booting worker with pid: 46156
[2015-11-16 00:21:13 +0000] [46165] [INFO] Booting worker with pid: 46165
[2015-11-16 00:21:13 +0000] [46166] [INFO] Booting worker with pid: 46166
[2015-11-16 00:21:13 +0000] [46173] [INFO] Booting worker with pid: 46173
[2015-11-16 00:23:23 +0000] [46142] [INFO] Handling signal: int
[2015-11-16 00:23:23 +0000] [46147] [INFO] Worker exiting (pid: 46147)
[2015-11-16 00:23:23 +0000] [46173] [INFO] Worker exiting (pid: 46173)
[2015-11-16 00:23:23 +0000] [46166] [INFO] Worker exiting (pid: 46166)
[2015-11-16 00:23:23 +0000] [46165] [INFO] Worker exiting (pid: 46165)
[2015-11-16 00:23:23 +0000] [46148] [INFO] Worker exiting (pid: 46148)
[2015-11-16 00:23:23 +0000] [46156] [INFO] Worker exiting (pid: 46156)
[2015-11-16 00:23:24 +0000] [46142] [INFO] Shutting down: Master
[2015-11-16 00:26:44 +0000] [46207] [INFO] Starting gunicorn 19.3.0
[2015-11-16 00:26:44 +0000] [46207] [INFO] Listening at: http://127.0.0.1:8081 (46207)
[2015-11-16 00:26:44 +0000] [46207] [INFO] Using worker: tornado
[2015-11-16 00:26:44 +0000] [46212] [INFO] Booting worker with pid: 46212
[2015-11-16 00:26:44 +0000] [46213] [INFO] Booting worker with pid: 46213
[2015-11-16 00:26:44 +0000] [46220] [INFO] Booting worker with pid: 46220
[2015-11-16 00:26:44 +0000] [46230] [INFO] Booting worker with pid: 46230
[2015-11-16 00:26:44 +0000] [46233] [INFO] Booting worker with pid: 46233
[2015-11-16 00:26:44 +0000] [46236] [INFO] Booting worker with pid: 46236
[2015-11-16 00:31:02 +0000] [46207] [INFO] Handling signal: int
[2015-11-16 00:31:03 +0000] [46236] [INFO] Worker exiting (pid: 46236)
[2015-11-16 00:31:03 +0000] [46220] [INFO] Worker exiting (pid: 46220)
[2015-11-16 00:31:03 +0000] [46212] [INFO] Worker exiting (pid: 46212)
[2015-11-16 00:31:03 +0000] [46213] [INFO] Worker exiting (pid: 46213)
[2015-11-16 00:31:03 +0000] [46233] [INFO] Worker exiting (pid: 46233)
[2015-11-16 00:31:03 +0000] [46230] [INFO] Worker exiting (pid: 46230)
[2015-11-16 00:31:03 +0000] [46207] [INFO] Shutting down: Master
[2015-11-16 00:31:52 +0000] [46285] [INFO] Starting gunicorn 19.3.0
[2015-11-16 00:31:52 +0000] [46285] [INFO] Listening at: http://127.0.0.1:8081 (46285)
[2015-11-16 00:31:52 +0000] [46285] [INFO] Using worker: tornado
[2015-11-16 00:31:52 +0000] [46290] [INFO] Booting worker with pid: 46290
[2015-11-16 00:31:52 +0000] [46291] [INFO] Booting worker with pid: 46291
[2015-11-16 00:31:52 +0000] [46295] [INFO] Booting worker with pid: 46295
[2015-11-16 00:31:52 +0000] [46303] [INFO] Booting worker with pid: 46303
[2015-11-16 00:31:53 +0000] [46308] [INFO] Booting worker with pid: 46308
[2015-11-16 00:31:53 +0000] [46317] [INFO] Booting worker with pid: 46317
[2015-11-16 00:33:34 +0000] [46285] [INFO] Handling signal: int
[2015-11-16 00:33:34 +0000] [46317] [INFO] Worker exiting (pid: 46317)
[2015-11-16 00:33:34 +0000] [46308] [INFO] Worker exiting (pid: 46308)
[2015-11-16 00:33:34 +0000] [46290] [INFO] Worker exiting (pid: 46290)
[2015-11-16 00:33:34 +0000] [46291] [INFO] Worker exiting (pid: 46291)
[2015-11-16 00:33:34 +0000] [46295] [INFO] Worker exiting (pid: 46295)
[2015-11-16 00:33:34 +0000] [46303] [INFO] Worker exiting (pid: 46303)
[2015-11-16 00:33:34 +0000] [46285] [INFO] Shutting down: Master
[2015-11-16 00:36:37 +0000] [46358] [INFO] Starting gunicorn 19.3.0
[2015-11-16 00:36:37 +0000] [46358] [INFO] Listening at: http://127.0.0.1:8081 (46358)
[2015-11-16 00:36:37 +0000] [46358] [INFO] Using worker: tornado
[2015-11-16 00:36:37 +0000] [46363] [INFO] Booting worker with pid: 46363
[2015-11-16 00:36:37 +0000] [46366] [INFO] Booting worker with pid: 46366
[2015-11-16 00:36:37 +0000] [46374] [INFO] Booting worker with pid: 46374
[2015-11-16 00:36:37 +0000] [46378] [INFO] Booting worker with pid: 46378
[2015-11-16 00:36:37 +0000] [46387] [INFO] Booting worker with pid: 46387
[2015-11-16 00:36:37 +0000] [46390] [INFO] Booting worker with pid: 46390
[2015-11-16 00:39:16 +0000] [46358] [INFO] Handling signal: int
[2015-11-16 00:39:16 +0000] [46374] [INFO] Worker exiting (pid: 46374)
[2015-11-16 00:39:16 +0000] [46390] [INFO] Worker exiting (pid: 46390)
[2015-11-16 00:39:16 +0000] [46363] [INFO] Worker exiting (pid: 46363)
[2015-11-16 00:39:16 +0000] [46366] [INFO] Worker exiting (pid: 46366)
[2015-11-16 00:39:16 +0000] [46387] [INFO] Worker exiting (pid: 46387)
[2015-11-16 00:39:16 +0000] [46378] [INFO] Worker exiting (pid: 46378)
[2015-11-16 00:39:16 +0000] [46358] [INFO] Shutting down: Master
[2015-11-16 00:42:31 +0000] [46508] [INFO] Starting gunicorn 19.3.0
[2015-11-16 00:42:31 +0000] [46508] [INFO] Listening at: http://127.0.0.1:8081 (46508)
[2015-11-16 00:42:31 +0000] [46508] [INFO] Using worker: tornado
[2015-11-16 00:42:31 +0000] [46513] [INFO] Booting worker with pid: 46513
[2015-11-16 00:42:31 +0000] [46514] [INFO] Booting worker with pid: 46514
[2015-11-16 00:42:31 +0000] [46519] [INFO] Booting worker with pid: 46519
[2015-11-16 00:42:31 +0000] [46525] [INFO] Booting worker with pid: 46525
[2015-11-16 00:42:32 +0000] [46537] [INFO] Booting worker with pid: 46537
[2015-11-16 00:42:32 +0000] [46543] [INFO] Booting worker with pid: 46543
[2015-11-16 00:43:54 +0000] [46508] [INFO] Handling signal: int
[2015-11-16 00:43:54 +0000] [46525] [INFO] Worker exiting (pid: 46525)
[2015-11-16 00:43:54 +0000] [46514] [INFO] Worker exiting (pid: 46514)
[2015-11-16 00:43:54 +0000] [46543] [INFO] Worker exiting (pid: 46543)
[2015-11-16 00:43:54 +0000] [46513] [INFO] Worker exiting (pid: 46513)
[2015-11-16 00:43:54 +0000] [46537] [INFO] Worker exiting (pid: 46537)
[2015-11-16 00:43:54 +0000] [46519] [INFO] Worker exiting (pid: 46519)
[2015-11-16 00:43:55 +0000] [46508] [INFO] Shutting down: Master
[2015-11-16 00:44:16 +0000] [46583] [INFO] Starting gunicorn 19.3.0
[2015-11-16 00:44:16 +0000] [46583] [INFO] Listening at: http://127.0.0.1:8081 (46583)
[2015-11-16 00:44:16 +0000] [46583] [INFO] Using worker: tornado
[2015-11-16 00:44:16 +0000] [46588] [INFO] Booting worker with pid: 46588
[2015-11-16 00:44:16 +0000] [46589] [INFO] Booting worker with pid: 46589
[2015-11-16 00:44:16 +0000] [46592] [INFO] Booting worker with pid: 46592
[2015-11-16 00:44:16 +0000] [46606] [INFO] Booting worker with pid: 46606
[2015-11-16 00:44:16 +0000] [46611] [INFO] Booting worker with pid: 46611
[2015-11-16 00:44:16 +0000] [46617] [INFO] Booting worker with pid: 46617
[2015-11-16 00:44:29 +0000] [46583] [INFO] Handling signal: int
[2015-11-16 00:44:29 +0000] [46611] [INFO] Worker exiting (pid: 46611)
[2015-11-16 00:44:29 +0000] [46592] [INFO] Worker exiting (pid: 46592)
[2015-11-16 00:44:29 +0000] [46588] [INFO] Worker exiting (pid: 46588)
[2015-11-16 00:44:29 +0000] [46589] [INFO] Worker exiting (pid: 46589)
[2015-11-16 00:44:29 +0000] [46617] [INFO] Worker exiting (pid: 46617)
[2015-11-16 00:44:29 +0000] [46606] [INFO] Worker exiting (pid: 46606)
[2015-11-16 00:44:30 +0000] [46583] [INFO] Shutting down: Master
[2015-11-16 00:44:40 +0000] [46625] [INFO] Starting gunicorn 19.3.0
[2015-11-16 00:44:40 +0000] [46625] [INFO] Listening at: http://127.0.0.1:8081 (46625)
[2015-11-16 00:44:40 +0000] [46625] [INFO] Using worker: tornado
[2015-11-16 00:44:40 +0000] [46630] [INFO] Booting worker with pid: 46630
[2015-11-16 00:44:40 +0000] [46631] [INFO] Booting worker with pid: 46631
[2015-11-16 00:44:40 +0000] [46636] [INFO] Booting worker with pid: 46636
[2015-11-16 00:44:40 +0000] [46647] [INFO] Booting worker with pid: 46647
[2015-11-16 00:44:41 +0000] [46654] [INFO] Booting worker with pid: 46654
[2015-11-16 00:44:41 +0000] [46655] [INFO] Booting worker with pid: 46655
[2015-11-16 00:44:44 +0000] [46625] [INFO] Handling signal: int
[2015-11-16 00:44:44 +0000] [46654] [INFO] Worker exiting (pid: 46654)
[2015-11-16 00:44:44 +0000] [46655] [INFO] Worker exiting (pid: 46655)
[2015-11-16 00:44:44 +0000] [46630] [INFO] Worker exiting (pid: 46630)
[2015-11-16 00:44:44 +0000] [46647] [INFO] Worker exiting (pid: 46647)
[2015-11-16 00:44:44 +0000] [46636] [INFO] Worker exiting (pid: 46636)
[2015-11-16 00:44:44 +0000] [46631] [INFO] Worker exiting (pid: 46631)
[2015-11-16 00:44:45 +0000] [46625] [INFO] Shutting down: Master
[2015-11-16 00:44:59 +0000] [46676] [INFO] Starting gunicorn 19.3.0
[2015-11-16 00:44:59 +0000] [46676] [INFO] Listening at: http://127.0.0.1:8081 (46676)
[2015-11-16 00:44:59 +0000] [46676] [INFO] Using worker: tornado
[2015-11-16 00:44:59 +0000] [46681] [INFO] Booting worker with pid: 46681
[2015-11-16 00:44:59 +0000] [46684] [INFO] Booting worker with pid: 46684
[2015-11-16 00:44:59 +0000] [46687] [INFO] Booting worker with pid: 46687
[2015-11-16 00:44:59 +0000] [46697] [INFO] Booting worker with pid: 46697
[2015-11-16 00:44:59 +0000] [46705] [INFO] Booting worker with pid: 46705
[2015-11-16 00:44:59 +0000] [46711] [INFO] Booting worker with pid: 46711
[2015-11-16 00:45:20 +0000] [46676] [INFO] Handling signal: int
[2015-11-16 00:45:20 +0000] [46681] [INFO] Worker exiting (pid: 46681)
[2015-11-16 00:45:20 +0000] [46711] [INFO] Worker exiting (pid: 46711)
[2015-11-16 00:45:20 +0000] [46684] [INFO] Worker exiting (pid: 46684)
[2015-11-16 00:45:20 +0000] [46687] [INFO] Worker exiting (pid: 46687)
[2015-11-16 00:45:20 +0000] [46697] [INFO] Worker exiting (pid: 46697)
[2015-11-16 00:45:20 +0000] [46705] [INFO] Worker exiting (pid: 46705)
[2015-11-16 00:45:20 +0000] [46676] [INFO] Shutting down: Master
[2015-11-16 00:45:46 +0000] [46759] [INFO] Starting gunicorn 19.3.0
[2015-11-16 00:45:46 +0000] [46759] [INFO] Listening at: http://127.0.0.1:8081 (46759)
[2015-11-16 00:45:46 +0000] [46759] [INFO] Using worker: tornado
[2015-11-16 00:45:46 +0000] [46764] [INFO] Booting worker with pid: 46764
[2015-11-16 00:45:46 +0000] [46765] [INFO] Booting worker with pid: 46765
[2015-11-16 00:45:46 +0000] [46775] [INFO] Booting worker with pid: 46775
[2015-11-16 00:45:46 +0000] [46777] [INFO] Booting worker with pid: 46777
[2015-11-16 00:45:46 +0000] [46788] [INFO] Booting worker with pid: 46788
[2015-11-16 00:45:46 +0000] [46789] [INFO] Booting worker with pid: 46789
[2015-11-16 00:47:26 +0000] [46759] [INFO] Handling signal: int
[2015-11-16 00:47:26 +0000] [46765] [INFO] Worker exiting (pid: 46765)
[2015-11-16 00:47:26 +0000] [46788] [INFO] Worker exiting (pid: 46788)
[2015-11-16 00:47:26 +0000] [46777] [INFO] Worker exiting (pid: 46777)
[2015-11-16 00:47:26 +0000] [46764] [INFO] Worker exiting (pid: 46764)
[2015-11-16 00:47:26 +0000] [46789] [INFO] Worker exiting (pid: 46789)
[2015-11-16 00:47:26 +0000] [46775] [INFO] Worker exiting (pid: 46775)
[2015-11-16 00:47:27 +0000] [46759] [INFO] Shutting down: Master
[2015-11-16 00:47:44 +0000] [46838] [INFO] Starting gunicorn 19.3.0
[2015-11-16 00:47:44 +0000] [46838] [INFO] Listening at: http://127.0.0.1:8081 (46838)
[2015-11-16 00:47:44 +0000] [46838] [INFO] Using worker: tornado
[2015-11-16 00:47:44 +0000] [46843] [INFO] Booting worker with pid: 46843
[2015-11-16 00:47:44 +0000] [46846] [INFO] Booting worker with pid: 46846
[2015-11-16 00:47:44 +0000] [46850] [INFO] Booting worker with pid: 46850
[2015-11-16 00:47:44 +0000] [46853] [INFO] Booting worker with pid: 46853
[2015-11-16 00:47:44 +0000] [46854] [INFO] Booting worker with pid: 46854
[2015-11-16 00:47:44 +0000] [46873] [INFO] Booting worker with pid: 46873
[2015-11-16 00:48:14 +0000] [46838] [INFO] Handling signal: int
[2015-11-16 00:48:14 +0000] [46873] [INFO] Worker exiting (pid: 46873)
[2015-11-16 00:48:14 +0000] [46853] [INFO] Worker exiting (pid: 46853)
[2015-11-16 00:48:14 +0000] [46854] [INFO] Worker exiting (pid: 46854)
[2015-11-16 00:48:14 +0000] [46846] [INFO] Worker exiting (pid: 46846)
[2015-11-16 00:48:14 +0000] [46843] [INFO] Worker exiting (pid: 46843)
[2015-11-16 00:48:14 +0000] [46850] [INFO] Worker exiting (pid: 46850)
[2015-11-16 00:48:14 +0000] [46838] [INFO] Shutting down: Master
[2015-11-16 00:49:11 +0000] [46890] [INFO] Starting gunicorn 19.3.0
[2015-11-16 00:49:11 +0000] [46890] [INFO] Listening at: http://127.0.0.1:8081 (46890)
[2015-11-16 00:49:11 +0000] [46890] [INFO] Using worker: tornado
[2015-11-16 00:49:11 +0000] [46895] [INFO] Booting worker with pid: 46895
[2015-11-16 00:49:11 +0000] [46896] [INFO] Booting worker with pid: 46896
[2015-11-16 00:49:11 +0000] [46907] [INFO] Booting worker with pid: 46907
[2015-11-16 00:49:11 +0000] [46910] [INFO] Booting worker with pid: 46910
[2015-11-16 00:49:11 +0000] [46916] [INFO] Booting worker with pid: 46916
[2015-11-16 00:49:11 +0000] [46919] [INFO] Booting worker with pid: 46919
[2015-11-16 00:49:27 +0000] [46890] [INFO] Handling signal: int
[2015-11-16 00:49:27 +0000] [46919] [INFO] Worker exiting (pid: 46919)
[2015-11-16 00:49:27 +0000] [46910] [INFO] Worker exiting (pid: 46910)
[2015-11-16 00:49:27 +0000] [46916] [INFO] Worker exiting (pid: 46916)
[2015-11-16 00:49:27 +0000] [46907] [INFO] Worker exiting (pid: 46907)
[2015-11-16 00:49:27 +0000] [46895] [INFO] Worker exiting (pid: 46895)
[2015-11-16 00:49:27 +0000] [46896] [INFO] Worker exiting (pid: 46896)
[2015-11-16 00:49:28 +0000] [46890] [INFO] Shutting down: Master
[2015-11-16 00:49:34 +0000] [46933] [INFO] Starting gunicorn 19.3.0
[2015-11-16 00:49:34 +0000] [46933] [INFO] Listening at: http://127.0.0.1:8081 (46933)
[2015-11-16 00:49:34 +0000] [46933] [INFO] Using worker: tornado
[2015-11-16 00:49:34 +0000] [46938] [INFO] Booting worker with pid: 46938
[2015-11-16 00:49:34 +0000] [46941] [INFO] Booting worker with pid: 46941
[2015-11-16 00:49:34 +0000] [46947] [INFO] Booting worker with pid: 46947
[2015-11-16 00:49:34 +0000] [46951] [INFO] Booting worker with pid: 46951
[2015-11-16 00:49:34 +0000] [46962] [INFO] Booting worker with pid: 46962
[2015-11-16 00:49:34 +0000] [46968] [INFO] Booting worker with pid: 46968
[2015-11-16 22:24:23 +0000] [54104] [INFO] Starting gunicorn 19.3.0
[2015-11-16 22:24:23 +0000] [54104] [INFO] Listening at: http://127.0.0.1:8081 (54104)
[2015-11-16 22:24:23 +0000] [54104] [INFO] Using worker: tornado
[2015-11-16 22:24:23 +0000] [54109] [INFO] Booting worker with pid: 54109
[2015-11-16 22:24:23 +0000] [54110] [INFO] Booting worker with pid: 54110
[2015-11-16 22:24:23 +0000] [54113] [INFO] Booting worker with pid: 54113
[2015-11-16 22:24:23 +0000] [54127] [INFO] Booting worker with pid: 54127
[2015-11-16 22:24:23 +0000] [54128] [INFO] Booting worker with pid: 54128
[2015-11-16 22:24:23 +0000] [54139] [INFO] Booting worker with pid: 54139
[2015-11-16 22:24:53 +0000] [54153] [INFO] Starting gunicorn 19.3.0
[2015-11-16 22:24:53 +0000] [54153] [INFO] Listening at: http://127.0.0.1:8081 (54153)
[2015-11-16 22:24:53 +0000] [54153] [INFO] Using worker: tornado
[2015-11-16 22:24:53 +0000] [54158] [INFO] Booting worker with pid: 54158
[2015-11-16 22:24:53 +0000] [54161] [INFO] Booting worker with pid: 54161
[2015-11-16 22:24:53 +0000] [54165] [INFO] Booting worker with pid: 54165
[2015-11-16 22:24:53 +0000] [54166] [INFO] Booting worker with pid: 54166
[2015-11-16 22:24:53 +0000] [54182] [INFO] Booting worker with pid: 54182
[2015-11-16 22:24:53 +0000] [54183] [INFO] Booting worker with pid: 54183
[2015-11-16 22:25:04 +0000] [54153] [INFO] Handling signal: int
[2015-11-16 22:25:04 +0000] [54158] [INFO] Worker exiting (pid: 54158)
[2015-11-16 22:25:04 +0000] [54182] [INFO] Worker exiting (pid: 54182)
[2015-11-16 22:25:04 +0000] [54183] [INFO] Worker exiting (pid: 54183)
[2015-11-16 22:25:04 +0000] [54165] [INFO] Worker exiting (pid: 54165)
[2015-11-16 22:25:04 +0000] [54166] [INFO] Worker exiting (pid: 54166)
[2015-11-16 22:25:04 +0000] [54161] [INFO] Worker exiting (pid: 54161)
[2015-11-16 22:25:04 +0000] [54153] [INFO] Shutting down: Master
[2015-11-16 22:26:10 +0000] [54251] [INFO] Starting gunicorn 19.3.0
[2015-11-16 22:26:10 +0000] [54251] [INFO] Listening at: http://127.0.0.1:8081 (54251)
[2015-11-16 22:26:10 +0000] [54251] [INFO] Using worker: tornado
[2015-11-16 22:26:10 +0000] [54256] [INFO] Booting worker with pid: 54256
[2015-11-16 22:26:10 +0000] [54257] [INFO] Booting worker with pid: 54257
[2015-11-16 22:26:10 +0000] [54262] [INFO] Booting worker with pid: 54262
[2015-11-16 22:26:10 +0000] [54274] [INFO] Booting worker with pid: 54274
[2015-11-16 22:26:10 +0000] [54275] [INFO] Booting worker with pid: 54275
[2015-11-16 22:26:10 +0000] [54278] [INFO] Booting worker with pid: 54278
[2015-11-16 22:26:19 +0000] [54251] [INFO] Handling signal: int
[2015-11-16 22:26:19 +0000] [54274] [INFO] Worker exiting (pid: 54274)
[2015-11-16 22:26:19 +0000] [54278] [INFO] Worker exiting (pid: 54278)
[2015-11-16 22:26:19 +0000] [54256] [INFO] Worker exiting (pid: 54256)
[2015-11-16 22:26:19 +0000] [54257] [INFO] Worker exiting (pid: 54257)
[2015-11-16 22:26:19 +0000] [54275] [INFO] Worker exiting (pid: 54275)
[2015-11-16 22:26:19 +0000] [54262] [INFO] Worker exiting (pid: 54262)
[2015-11-16 22:26:20 +0000] [54251] [INFO] Shutting down: Master
[2015-11-16 22:27:01 +0000] [54293] [INFO] Starting gunicorn 19.3.0
[2015-11-16 22:27:01 +0000] [54293] [INFO] Listening at: http://127.0.0.1:8081 (54293)
[2015-11-16 22:27:01 +0000] [54293] [INFO] Using worker: tornado
[2015-11-16 22:27:01 +0000] [54298] [INFO] Booting worker with pid: 54298
[2015-11-16 22:27:01 +0000] [54299] [INFO] Booting worker with pid: 54299
[2015-11-16 22:27:01 +0000] [54304] [INFO] Booting worker with pid: 54304
[2015-11-16 22:27:01 +0000] [54308] [INFO] Booting worker with pid: 54308
[2015-11-16 22:27:01 +0000] [54319] [INFO] Booting worker with pid: 54319
[2015-11-16 22:27:01 +0000] [54325] [INFO] Booting worker with pid: 54325
[2015-11-16 22:28:11 +0000] [54293] [INFO] Handling signal: int
[2015-11-16 22:28:11 +0000] [54304] [INFO] Worker exiting (pid: 54304)
[2015-11-16 22:28:11 +0000] [54325] [INFO] Worker exiting (pid: 54325)
[2015-11-16 22:28:11 +0000] [54308] [INFO] Worker exiting (pid: 54308)
[2015-11-16 22:28:11 +0000] [54299] [INFO] Worker exiting (pid: 54299)
[2015-11-16 22:28:11 +0000] [54319] [INFO] Worker exiting (pid: 54319)
[2015-11-16 22:28:11 +0000] [54298] [INFO] Worker exiting (pid: 54298)
[2015-11-16 22:28:12 +0000] [54293] [INFO] Shutting down: Master
[2015-11-16 22:28:17 +0000] [54336] [INFO] Starting gunicorn 19.3.0
[2015-11-16 22:28:17 +0000] [54336] [INFO] Listening at: http://127.0.0.1:8081 (54336)
[2015-11-16 22:28:17 +0000] [54336] [INFO] Using worker: tornado
[2015-11-16 22:28:17 +0000] [54341] [INFO] Booting worker with pid: 54341
[2015-11-16 22:28:17 +0000] [54342] [INFO] Booting worker with pid: 54342
[2015-11-16 22:28:17 +0000] [54350] [INFO] Booting worker with pid: 54350
[2015-11-16 22:28:17 +0000] [54353] [INFO] Booting worker with pid: 54353
[2015-11-16 22:28:17 +0000] [54365] [INFO] Booting worker with pid: 54365
[2015-11-16 22:28:17 +0000] [54366] [INFO] Booting worker with pid: 54366
[2015-11-16 22:33:45 +0000] [54443] [INFO] Starting gunicorn 19.3.0
[2015-11-16 22:33:45 +0000] [54443] [INFO] Listening at: http://127.0.0.1:8081 (54443)
[2015-11-16 22:33:45 +0000] [54443] [INFO] Using worker: tornado
[2015-11-16 22:33:45 +0000] [54448] [INFO] Booting worker with pid: 54448
[2015-11-16 22:33:45 +0000] [54451] [INFO] Booting worker with pid: 54451
[2015-11-16 22:33:45 +0000] [54457] [INFO] Booting worker with pid: 54457
[2015-11-16 22:33:45 +0000] [54458] [INFO] Booting worker with pid: 54458
[2015-11-16 22:33:45 +0000] [54462] [INFO] Booting worker with pid: 54462
[2015-11-16 22:33:45 +0000] [54478] [INFO] Booting worker with pid: 54478
[2015-11-16 22:34:13 +0000] [54443] [INFO] Handling signal: int
[2015-11-16 22:34:13 +0000] [54448] [INFO] Worker exiting (pid: 54448)
[2015-11-16 22:34:13 +0000] [54462] [INFO] Worker exiting (pid: 54462)
[2015-11-16 22:34:13 +0000] [54458] [INFO] Worker exiting (pid: 54458)
[2015-11-16 22:34:13 +0000] [54478] [INFO] Worker exiting (pid: 54478)
[2015-11-16 22:34:13 +0000] [54451] [INFO] Worker exiting (pid: 54451)
[2015-11-16 22:34:13 +0000] [54457] [INFO] Worker exiting (pid: 54457)
[2015-11-16 22:34:13 +0000] [54443] [INFO] Shutting down: Master
[2015-11-16 22:34:17 +0000] [54486] [INFO] Starting gunicorn 19.3.0
[2015-11-16 22:34:17 +0000] [54486] [INFO] Listening at: http://127.0.0.1:8081 (54486)
[2015-11-16 22:34:17 +0000] [54486] [INFO] Using worker: tornado
[2015-11-16 22:34:17 +0000] [54491] [INFO] Booting worker with pid: 54491
[2015-11-16 22:34:17 +0000] [54492] [INFO] Booting worker with pid: 54492
[2015-11-16 22:34:17 +0000] [54497] [INFO] Booting worker with pid: 54497
[2015-11-16 22:34:17 +0000] [54504] [INFO] Booting worker with pid: 54504
[2015-11-16 22:34:17 +0000] [54505] [INFO] Booting worker with pid: 54505
[2015-11-16 22:34:17 +0000] [54508] [INFO] Booting worker with pid: 54508
[2015-11-16 22:45:57 +0000] [54669] [INFO] Starting gunicorn 19.3.0
[2015-11-16 22:45:57 +0000] [54669] [INFO] Listening at: http://127.0.0.1:8081 (54669)
[2015-11-16 22:45:57 +0000] [54669] [INFO] Using worker: tornado
[2015-11-16 22:45:57 +0000] [54674] [INFO] Booting worker with pid: 54674
[2015-11-16 22:45:57 +0000] [54675] [INFO] Booting worker with pid: 54675
[2015-11-16 22:45:57 +0000] [54683] [INFO] Booting worker with pid: 54683
[2015-11-16 22:45:58 +0000] [54692] [INFO] Booting worker with pid: 54692
[2015-11-16 22:45:58 +0000] [54693] [INFO] Booting worker with pid: 54693
[2015-11-16 22:45:58 +0000] [54698] [INFO] Booting worker with pid: 54698
[2015-11-17 00:32:50 +0000] [55004] [INFO] Starting gunicorn 19.3.0
[2015-11-17 00:32:50 +0000] [55004] [INFO] Listening at: http://127.0.0.1:8081 (55004)
[2015-11-17 00:32:50 +0000] [55004] [INFO] Using worker: tornado
[2015-11-17 00:32:50 +0000] [55009] [INFO] Booting worker with pid: 55009
[2015-11-17 00:32:50 +0000] [55012] [INFO] Booting worker with pid: 55012
[2015-11-17 00:32:50 +0000] [55015] [INFO] Booting worker with pid: 55015
[2015-11-17 00:32:50 +0000] [55018] [INFO] Booting worker with pid: 55018
[2015-11-17 00:32:50 +0000] [55021] [INFO] Booting worker with pid: 55021
[2015-11-17 00:32:50 +0000] [55022] [INFO] Booting worker with pid: 55022
[2015-11-17 00:34:44 +0000] [55004] [INFO] Handling signal: int
[2015-11-17 00:34:44 +0000] [55012] [INFO] Worker exiting (pid: 55012)
[2015-11-17 00:34:44 +0000] [55022] [INFO] Worker exiting (pid: 55022)
[2015-11-17 00:34:44 +0000] [55009] [INFO] Worker exiting (pid: 55009)
[2015-11-17 00:34:44 +0000] [55018] [INFO] Worker exiting (pid: 55018)
[2015-11-17 00:34:44 +0000] [55015] [INFO] Worker exiting (pid: 55015)
[2015-11-17 00:34:44 +0000] [55021] [INFO] Worker exiting (pid: 55021)
[2015-11-17 00:34:44 +0000] [55004] [INFO] Shutting down: Master
[2015-11-17 00:36:36 +0000] [55139] [INFO] Starting gunicorn 19.3.0
[2015-11-17 00:36:36 +0000] [55139] [INFO] Listening at: http://127.0.0.1:8081 (55139)
[2015-11-17 00:36:36 +0000] [55139] [INFO] Using worker: tornado
[2015-11-17 00:36:36 +0000] [55144] [INFO] Booting worker with pid: 55144
[2015-11-17 00:36:36 +0000] [55145] [INFO] Booting worker with pid: 55145
[2015-11-17 00:36:36 +0000] [55150] [INFO] Booting worker with pid: 55150
[2015-11-17 00:36:36 +0000] [55151] [INFO] Booting worker with pid: 55151
[2015-11-17 00:36:36 +0000] [55154] [INFO] Booting worker with pid: 55154
[2015-11-17 00:36:36 +0000] [55155] [INFO] Booting worker with pid: 55155
[2015-11-17 00:36:46 +0000] [55139] [INFO] Handling signal: int
[2015-11-17 00:36:46 +0000] [55150] [INFO] Worker exiting (pid: 55150)
[2015-11-17 00:36:46 +0000] [55154] [INFO] Worker exiting (pid: 55154)
[2015-11-17 00:36:46 +0000] [55144] [INFO] Worker exiting (pid: 55144)
[2015-11-17 00:36:46 +0000] [55155] [INFO] Worker exiting (pid: 55155)
[2015-11-17 00:36:46 +0000] [55151] [INFO] Worker exiting (pid: 55151)
[2015-11-17 00:36:46 +0000] [55145] [INFO] Worker exiting (pid: 55145)
[2015-11-17 00:36:46 +0000] [55139] [INFO] Shutting down: Master
[2015-11-17 00:37:14 +0000] [55171] [INFO] Starting gunicorn 19.3.0
[2015-11-17 00:37:14 +0000] [55171] [INFO] Listening at: http://127.0.0.1:8081 (55171)
[2015-11-17 00:37:14 +0000] [55171] [INFO] Using worker: tornado
[2015-11-17 00:37:14 +0000] [55176] [INFO] Booting worker with pid: 55176
[2015-11-17 00:37:14 +0000] [55179] [INFO] Booting worker with pid: 55179
[2015-11-17 00:37:14 +0000] [55182] [INFO] Booting worker with pid: 55182
[2015-11-17 00:37:14 +0000] [55185] [INFO] Booting worker with pid: 55185
[2015-11-17 00:37:14 +0000] [55187] [INFO] Booting worker with pid: 55187
[2015-11-17 00:37:14 +0000] [55191] [INFO] Booting worker with pid: 55191
[2015-11-17 00:38:58 +0000] [55171] [INFO] Handling signal: int
[2015-11-17 00:38:58 +0000] [55176] [INFO] Worker exiting (pid: 55176)
[2015-11-17 00:38:58 +0000] [55185] [INFO] Worker exiting (pid: 55185)
[2015-11-17 00:38:58 +0000] [55191] [INFO] Worker exiting (pid: 55191)
[2015-11-17 00:38:58 +0000] [55187] [INFO] Worker exiting (pid: 55187)
[2015-11-17 00:38:58 +0000] [55179] [INFO] Worker exiting (pid: 55179)
[2015-11-17 00:38:58 +0000] [55182] [INFO] Worker exiting (pid: 55182)
[2015-11-17 00:38:58 +0000] [55171] [INFO] Shutting down: Master
[2015-11-17 00:39:01 +0000] [55276] [INFO] Starting gunicorn 19.3.0
[2015-11-17 00:39:01 +0000] [55276] [INFO] Listening at: http://127.0.0.1:8081 (55276)
[2015-11-17 00:39:01 +0000] [55276] [INFO] Using worker: tornado
[2015-11-17 00:39:01 +0000] [55282] [INFO] Booting worker with pid: 55282
[2015-11-17 00:39:01 +0000] [55295] [INFO] Booting worker with pid: 55295
[2015-11-17 00:39:02 +0000] [55300] [INFO] Booting worker with pid: 55300
[2015-11-17 00:39:02 +0000] [55304] [INFO] Booting worker with pid: 55304
[2015-11-17 00:39:02 +0000] [55305] [INFO] Booting worker with pid: 55305
[2015-11-17 00:39:02 +0000] [55310] [INFO] Booting worker with pid: 55310
